TN:
SF:src/app.ts
FNF:0
FNH:0
DA:7,1
DA:8,1
DA:9,1
DA:11,1
DA:12,1
LF:5
LH:5
BRF:0
BRH:0
end_of_record
TN:
SF:src/database.ts
FNF:0
FNH:0
DA:3,2
DA:4,2
LF:2
LH:2
BRF:0
BRH:0
end_of_record
TN:
SF:src/controllers/recommendationController.ts
FN:6,insert
FN:17,upvote
FN:25,downvote
FN:33,random
FN:39,get
FN:44,getTop
FN:51,getById
FNF:7
FNH:7
FNDA:3,insert
FNDA:1,upvote
FNDA:1,downvote
FNDA:1,random
FNDA:1,get
FNDA:1,getTop
FNDA:2,getById
DA:7,3
DA:8,3
DA:9,0
DA:12,3
DA:14,2
DA:18,1
DA:20,1
DA:22,1
DA:26,1
DA:28,1
DA:30,1
DA:34,1
DA:36,1
DA:40,1
DA:41,1
DA:45,1
DA:47,1
DA:48,1
DA:52,2
DA:54,2
DA:55,1
DA:58,1
LF:22
LH:21
BRDA:8,0,0,0
BRF:1
BRH:0
end_of_record
TN:
SF:src/middlewares/errorHandlerMiddleware.ts
FN:8,errorHandlerMiddleware
FNF:1
FNH:1
FNDA:2,errorHandlerMiddleware
DA:15,2
DA:16,2
DA:19,0
LF:3
LH:2
BRDA:15,0,0,2
BRF:1
BRH:1
end_of_record
TN:
SF:src/repositories/recommendationRepository.ts
FN:5,create
FN:16,findAll
FN:26,getAmountByScore
FN:33,getFindAllFilter
FN:45,find
FN:51,findByName
FN:57,updateScore
FN:66,remove
FNF:8
FNH:7
FNDA:2,create
FNDA:2,findAll
FNDA:1,getAmountByScore
FNDA:2,getFindAllFilter
FNDA:4,find
FNDA:3,findByName
FNDA:2,updateScore
FNDA:0,remove
DA:6,2
DA:17,2
DA:19,2
DA:27,1
DA:36,2
DA:38,1
DA:40,1
DA:46,4
DA:52,3
DA:58,2
DA:67,0
DA:72,2
LF:12
LH:11
BRDA:36,0,0,1
BRF:1
BRH:1
end_of_record
TN:
SF:src/routers/recommendationRouter.ts
FNF:0
FNH:0
DA:4,1
DA:6,1
DA:7,1
DA:8,1
DA:9,1
DA:10,1
DA:11,1
DA:12,1
LF:8
LH:8
BRF:0
BRH:0
end_of_record
TN:
SF:src/schemas/recommendationsSchemas.ts
FNF:0
FNH:0
DA:4,1
DA:6,1
LF:2
LH:2
BRF:0
BRH:0
end_of_record
TN:
SF:src/services/recommendationsService.ts
FN:7,insert
FN:17,upvote
FN:23,downvote
FN:36,getByIdOrFail
FN:43,get
FN:47,getTop
FN:51,getRandom
FN:64,getByScore
FN:77,getScoreFilter
FNF:9
FNH:9
FNDA:4,insert
FNDA:2,upvote
FNDA:3,downvote
FNDA:7,getByIdOrFail
FNDA:1,get
FNDA:1,getTop
FNDA:3,getRandom
FNDA:7,getByScore
FNDA:5,getScoreFilter
DA:8,4
DA:11,4
DA:12,2
DA:14,2
DA:18,2
DA:20,1
DA:24,3
DA:26,2
DA:31,2
DA:32,1
DA:37,7
DA:38,7
DA:40,4
DA:44,1
DA:48,1
DA:52,3
DA:53,3
DA:55,3
DA:56,3
DA:57,2
DA:60,1
DA:61,1
DA:65,7
DA:70,7
DA:71,2
DA:74,5
DA:78,5
DA:79,3
DA:82,2
DA:85,2
LF:30
LH:30
BRDA:11,0,0,2
BRDA:31,1,0,1
BRDA:38,2,0,3
BRDA:56,3,0,2
BRDA:70,4,0,2
BRDA:78,5,0,3
BRF:6
BRH:6
end_of_record
TN:
SF:src/utils/errorUtils.ts
FN:7,isAppError
FN:11,errorTypeToStatusCode
FN:19,conflictError
FN:23,notFoundError
FN:27,unauthorizedError
FN:31,wrongSchemaError
FNF:6
FNH:4
FNDA:2,isAppError
FNDA:2,errorTypeToStatusCode
FNDA:2,conflictError
FNDA:5,notFoundError
FNDA:0,unauthorizedError
FNDA:0,wrongSchemaError
DA:8,2
DA:12,2
DA:13,1
DA:14,0
DA:15,0
DA:16,0
DA:20,2
DA:24,5
DA:28,0
DA:32,0
LF:10
LH:5
BRDA:12,0,0,1
BRDA:13,1,0,1
BRDA:14,2,0,0
BRDA:15,3,0,0
BRDA:20,4,0,2
BRDA:20,4,1,0
BRDA:20,5,0,2
BRDA:20,5,1,2
BRDA:24,6,0,0
BRDA:24,6,1,5
BRDA:24,7,0,5
BRDA:24,7,1,5
BRDA:28,8,0,0
BRDA:28,8,1,0
BRDA:28,9,0,0
BRDA:28,9,1,0
BRDA:32,10,0,0
BRDA:32,10,1,0
BRDA:32,11,0,0
BRDA:32,11,1,0
BRF:20
BRH:8
end_of_record
TN:
SF:tests/factories/recommendationBodyFactory.ts
FN:4,recommendationBodyFactory
FN:13,manyRecommendationsBodyFactory
FN:45,recommendationDataFactory
FN:54,nthRecommendationsBodyFactory
FNF:4
FNH:3
FNDA:6,recommendationBodyFactory
FNDA:2,manyRecommendationsBodyFactory
FNDA:3,recommendationDataFactory
FNDA:0,nthRecommendationsBodyFactory
DA:5,6
DA:10,6
DA:14,2
DA:42,2
DA:46,3
DA:55,0
DA:57,0
DA:58,0
DA:64,0
LF:9
LH:5
BRF:0
BRH:0
end_of_record
TN:
SF:tests/factories/recommendationFactory.ts
FN:5,recommendationFactory
FN:13,manyRecommendationsFactory
FN:22,nthRecommendationsFactory
FNF:3
FNH:2
FNDA:4,recommendationFactory
FNDA:2,manyRecommendationsFactory
FNDA:0,nthRecommendationsFactory
DA:6,4
DA:8,4
DA:14,2
DA:16,2
DA:23,0
DA:25,0
DA:36,1
LF:7
LH:5
BRF:0
BRH:0
end_of_record
TN:
SF:tests/utils/testUtils.ts
FN:3,truncateRecommendations
FN:10,disconnectPrismas
FN:14,findRecommendationByName
FN:20,findRecommendationById
FNF:4
FNH:2
FNDA:9,truncateRecommendations
FNDA:1,disconnectPrismas
FNDA:0,findRecommendationByName
FNDA:0,findRecommendationById
DA:4,9
DA:11,1
DA:15,0
DA:21,0
LF:4
LH:2
BRF:0
BRH:0
end_of_record
